<?xml version="1.0" encoding="UTF-8"?>
<!-- Generated by org.testng.reporters.JUnitXMLReporter -->
<testsuite hostname="PSL-52D3V93" failures="1" tests="2" name="Mobile Browser Test" time="85.369" errors="0" timestamp="27 Oct 2023 08:18:28 GMT">
  <testcase classname="com.testclasses.HomePageTesting" name="HomePageLoadTest" time="0.0">
    <skipped/>
  </testcase> <!-- HomePageLoadTest -->
  <testcase classname="com.testclasses.HomePageTesting" name="generalVerificationHomePage" time="20.433">
    <failure type="org.openqa.selenium.TimeoutException" message="Expected condition failed: waiting for visibility of Proxy element for: DefaultElementLocator &amp;apos;By.xpath: //header//*[@class=&amp;apos;blue-sky-bg&amp;apos;]&amp;apos; (tried for 20 second(s) with 500 milliseconds interval)">
      <![CDATA[org.openqa.selenium.TimeoutException: Expected condition failed: waiting for visibility of Proxy element for: DefaultElementLocator 'By.xpath: //header//*[@class='blue-sky-bg']' (tried for 20 second(s) with 500 milliseconds interval)
	at org.openqa.selenium.support.ui.WebDriverWait.timeoutException(WebDriverWait.java:113)
	at org.openqa.selenium.support.ui.FluentWait.until(FluentWait.java:283)
	at com.utils.CommonUtils.waitForVisible(CommonUtils.java:713)
	at com.pageobjects.PageHeader.verifyPageHeader(PageHeader.java:26)
	at com.testclasses.HomePageTesting.generalVerificationHomePage(HomePageTesting.java:40)
	at java.base/java.util.concurrent.FutureTask.run(FutureTask.java:264)
	at java.base/java.util.concurrent.ThreadPoolExecutor.runWorker(ThreadPoolExecutor.java:1136)
	at java.base/java.util.concurrent.ThreadPoolExecutor$Worker.run(ThreadPoolExecutor.java:635)
	at java.base/java.lang.Thread.run(Thread.java:833)
Caused by: org.openqa.selenium.NoSuchElementException: no such element: Unable to locate element: {"method":"xpath","selector":"//header//*[@class='blue-sky-bg']"}
  (Session info: chrome=114.0.5735.130)
  (Driver info: chromedriver=114.0.5735.90 (386bc09e8f4f2e025eddae123f36f6263096ae49-refs/branch-heads/5735@{#1052}),platform=Linux 5.15.17-200.fc35.x86_64 x86_64) (WARNING: The server did not provide any stacktrace information)
Command duration or timeout: 0 milliseconds
For documentation on this error, please visit: http://seleniumhq.org/exceptions/no_such_element.html
Build info: version: '3.14.0', revision: 'aacccce0', time: '2018-08-02T20:19:58.91Z'
System info: host: 'PSL-52D3V93', ip: '192.168.1.4', os.name: 'Windows 11', os.arch: 'amd64', os.version: '10.0', java.version: '17.0.7'
Driver info: org.openqa.selenium.remote.RemoteWebDriver
Capabilities {64bit: false, acceptSslCert: false, acceptSslCerts: false, appActivity: com.google.android.apps.chr..., appPackage: com.android.chrome, appium:skipServerInstallation: true, browser: chrome_android, browserName: chrome, browser_name: Chrome, browserstack.appium_version: 1.21.0, browserstack.is_hub_canary: false, capabilities: {64bit: false, acceptSslCert: false, acceptSslCerts: false, appActivity: com.google.android.apps.chr..., appPackage: com.android.chrome, appium:skipServerInstallation: true, browser: chrome_android, browserName: chrome, browser_name: Chrome, browserstack.appium_version: 1.21.0, browserstack.is_hub_canary: false, chromeOptions: {args: [--proxy-bypass-list=<-loopb..., test-type, --proxy-server=http://185.2..., --disable-features=Translate], w3c: false}, databaseEnabled: false, detected_language: selenium/3.14.0 (java windows), device: Samsung Galaxy S21, deviceApiLevel: 30, deviceManufacturer: samsung, deviceModel: SM-G991B, deviceName: R5CRA1WWC1W, deviceOrientation: portrait, deviceScreenDensity: 480, deviceScreenSize: 1080x2400, deviceUDID: R5CRA1WWC1W, enablePerformanceLogging: false, environment: https://www.mountsinai.org/, javascriptEnabled: true, locationContextEnabled: false, loggingPrefs: {browser: SEVERE}, mobile: {browser: mobile, version: Samsung Galaxy S21-11.0}, networkConnectionEnabled: true, newCommandTimeout: 0, new_bucketing: true, orientation: PORTRAIT, orig_os: android, osVersion: 10.0, os_version: 10.0, pixelRatio: 3, platform: ANDROID, platformName: Android, platformVersion: 11, realMobile: true, real_mobile: true, sessionId: 9aa4381ef172cba3f16d6c9c5a9..., skipServerInstallation: true, statBarHeight: 79, systemPort: 8204, takesScreenshot: true, udid: R5CRA1WWC1W, version: , viewportRect: {height: 2097, left: 0, top: 79, width: 1080}, warnings: {}, webStorageEnabled: false}, chromeOptions: {args: [--proxy-bypass-list=<-loopb..., test-type, --proxy-server=http://185.2..., --disable-features=Translate], w3c: false}, databaseEnabled: false, detected_language: selenium/3.14.0 (java windows), device: Samsung Galaxy S21, deviceApiLevel: 30, deviceManufacturer: samsung, deviceModel: SM-G991B, deviceName: R5CRA1WWC1W, deviceOrientation: portrait, deviceScreenDensity: 480, deviceScreenSize: 1080x2400, deviceUDID: R5CRA1WWC1W, enablePerformanceLogging: false, environment: https://www.mountsinai.org/, javascriptEnabled: true, locationContextEnabled: false, loggingPrefs: org.openqa.selenium.logging..., mobile: {browser: mobile, version: Samsung Galaxy S21-11.0}, networkConnectionEnabled: true, newCommandTimeout: 0, new_bucketing: true, orientation: PORTRAIT, orig_os: android, osVersion: 10.0, os_version: 10.0, pixelRatio: 3, platform: ANDROID, platformName: ANDROID, platformVersion: 11, realMobile: true, real_mobile: true, sessionId: 9aa4381ef172cba3f16d6c9c5a9..., skipServerInstallation: true, statBarHeight: 79, systemPort: 8204, takesScreenshot: true, udid: R5CRA1WWC1W, version: , viewportRect: {height: 2097, left: 0, top: 79, width: 1080}, warnings: {}, webStorageEnabled: false}
Session ID: 9aa4381ef172cba3f16d6c9c5a9fac13117d23fc
*** Element info: {Using=xpath, value=//header//*[@class='blue-sky-bg']}
	at org.openqa.selenium.remote.ErrorHandler.createThrowable(ErrorHandler.java:214)
	at org.openqa.selenium.remote.ErrorHandler.throwIfResponseFailed(ErrorHandler.java:166)
	at org.openqa.selenium.remote.http.JsonHttpResponseCodec.reconstructValue(JsonHttpResponseCodec.java:40)
	at org.openqa.selenium.remote.http.AbstractHttpResponseCodec.decode(AbstractHttpResponseCodec.java:80)
	at org.openqa.selenium.remote.http.AbstractHttpResponseCodec.decode(AbstractHttpResponseCodec.java:44)
	at org.openqa.selenium.remote.HttpCommandExecutor.execute(HttpCommandExecutor.java:158)
	at org.openqa.selenium.remote.RemoteWebDriver.execute(RemoteWebDriver.java:548)
	at org.openqa.selenium.remote.RemoteWebDriver.findElement(RemoteWebDriver.java:322)
	at org.openqa.selenium.remote.RemoteWebDriver.findElementByXPath(RemoteWebDriver.java:424)
	at org.openqa.selenium.By$ByXPath.findElement(By.java:353)
	at org.openqa.selenium.remote.RemoteWebDriver.findElement(RemoteWebDriver.java:314)
	at org.openqa.selenium.support.pagefactory.DefaultElementLocator.findElement(DefaultElementLocator.java:69)
	at org.openqa.selenium.support.pagefactory.internal.LocatingElementHandler.invoke(LocatingElementHandler.java:38)
	at jdk.proxy2/jdk.proxy2.$Proxy19.isDisplayed(Unknown Source)
	at org.openqa.selenium.support.ui.ExpectedConditions.elementIfVisible(ExpectedConditions.java:315)
	at org.openqa.selenium.support.ui.ExpectedConditions.access$100(ExpectedConditions.java:44)
	at org.openqa.selenium.support.ui.ExpectedConditions$10.apply(ExpectedConditions.java:301)
	at org.openqa.selenium.support.ui.ExpectedConditions$10.apply(ExpectedConditions.java:298)
	at org.openqa.selenium.support.ui.FluentWait.until(FluentWait.java:260)
	... 23 more
... Removed 20 stack frames]]>
    </failure>
  </testcase> <!-- generalVerificationHomePage -->
</testsuite> <!-- Mobile Browser Test -->
