<?xml version="1.0" encoding="UTF-8"?>
<!-- Generated by org.testng.reporters.JUnitXMLReporter -->
<testsuite hostname="GOL012019" name="Test" tests="4" failures="1" timestamp="14 Jul 2021 06:14:42 GMT" time="291.164" errors="0">
  <testcase name="@AfterMethod tearDown" time="0.0" classname="com.testclasses.EOS_ProfilePage_Testing">
    <failure type="org.openqa.selenium.NoSuchSessionException" message="Session ID is null. Using WebDriver after calling quit()?
Build info: version: &amp;apos;3.14.0&amp;apos;, revision: &amp;apos;aacccce0&amp;apos;, time: &amp;apos;2018-08-02T20:19:58.91Z&amp;apos;
System info: host: &amp;apos;GOL012019&amp;apos;, ip: &amp;apos;10.89.2.159&amp;apos;, os.name: &amp;apos;Windows 10&amp;apos;, os.arch: &amp;apos;amd64&amp;apos;, os.version: &amp;apos;10.0&amp;apos;, java.version: &amp;apos;1.8.0_271&amp;apos;
Driver info: driver.version: RemoteWebDriver">
      <![CDATA[org.openqa.selenium.NoSuchSessionException: Session ID is null. Using WebDriver after calling quit()?
Build info: version: '3.14.0', revision: 'aacccce0', time: '2018-08-02T20:19:58.91Z'
System info: host: 'GOL012019', ip: '10.89.2.159', os.name: 'Windows 10', os.arch: 'amd64', os.version: '10.0', java.version: '1.8.0_271'
Driver info: driver.version: RemoteWebDriver
	at org.openqa.selenium.remote.HttpCommandExecutor.execute(HttpCommandExecutor.java:125)
	at org.openqa.selenium.remote.service.DriverCommandExecutor.execute(DriverCommandExecutor.java:83)
	at org.openqa.selenium.remote.RemoteWebDriver.execute(RemoteWebDriver.java:548)
	at org.openqa.selenium.remote.RemoteWebDriver.execute(RemoteWebDriver.java:605)
	at org.openqa.selenium.remote.RemoteWebDriver.getScreenshotAs(RemoteWebDriver.java:294)
	at com.automationbase.TestBase.getScreenshot(TestBase.java:136)
	at com.automationbase.TestBase.tearDown(TestBase.java:98)
... Removed 26 stack frames]]>
    </failure>
  </testcase> <!-- @AfterMethod tearDown -->
  <testcase name="@AfterClass FinishTesting" time="0.0" classname="com.testclasses.EOS_ProfilePage_Testing">
    <skipped/>
  </testcase> <!-- @AfterClass FinishTesting -->
  <testcase name="@AfterMethod tearDown" time="0.0" classname="com.testclasses.HomePageTesting">
    <skipped/>
  </testcase> <!-- @AfterMethod tearDown -->
  <testcase name="@AfterMethod tearDown" time="0.0" classname="com.testclasses.HomePageTesting">
    <skipped/>
  </testcase> <!-- @AfterMethod tearDown -->
  <testcase name="@AfterClass FinishTesting" time="0.0" classname="com.testclasses.HomePageTesting">
    <skipped/>
  </testcase> <!-- @AfterClass FinishTesting -->
  <testcase name="@AfterTest endReport" time="0.0" classname="com.testclasses.FAD_Page_Testing">
    <skipped/>
  </testcase> <!-- @AfterTest endReport -->
  <testcase name="VerifyVIPProfiles" time="276.453" classname="com.testclasses.FAD_Page_Testing"/>
  <testcase name="VerifyEOSProfiles" time="0.003" classname="com.testclasses.EOS_ProfilePage_Testing">
    <failure type="org.openqa.selenium.NoSuchSessionException" message="Session ID is null. Using WebDriver after calling quit()?
Build info: version: &amp;apos;3.14.0&amp;apos;, revision: &amp;apos;aacccce0&amp;apos;, time: &amp;apos;2018-08-02T20:19:58.91Z&amp;apos;
System info: host: &amp;apos;GOL012019&amp;apos;, ip: &amp;apos;10.89.2.159&amp;apos;, os.name: &amp;apos;Windows 10&amp;apos;, os.arch: &amp;apos;amd64&amp;apos;, os.version: &amp;apos;10.0&amp;apos;, java.version: &amp;apos;1.8.0_271&amp;apos;
Driver info: driver.version: RemoteWebDriver">
      <![CDATA[org.openqa.selenium.NoSuchSessionException: Session ID is null. Using WebDriver after calling quit()?
Build info: version: '3.14.0', revision: 'aacccce0', time: '2018-08-02T20:19:58.91Z'
System info: host: 'GOL012019', ip: '10.89.2.159', os.name: 'Windows 10', os.arch: 'amd64', os.version: '10.0', java.version: '1.8.0_271'
Driver info: driver.version: RemoteWebDriver
	at org.openqa.selenium.remote.HttpCommandExecutor.execute(HttpCommandExecutor.java:125)
	at org.openqa.selenium.remote.service.DriverCommandExecutor.execute(DriverCommandExecutor.java:83)
	at org.openqa.selenium.remote.RemoteWebDriver.execute(RemoteWebDriver.java:548)
	at org.openqa.selenium.remote.RemoteWebDriver.get(RemoteWebDriver.java:276)
	at com.utils.CommonUtils.navigateToURL(CommonUtils.java:230)
	at com.pageobjects.HomePage.navigateToUrl(HomePage.java:26)
	at com.testclasses.EOS_ProfilePage_Testing.VerifyEOSProfiles(EOS_ProfilePage_Testing.java:19)
... Removed 24 stack frames]]>
    </failure>
  </testcase> <!-- VerifyEOSProfiles -->
  <testcase name="HomePageLoadTest" time="0.003" classname="com.testclasses.HomePageTesting">
    <skipped/>
  </testcase> <!-- HomePageLoadTest -->
  <testcase name="generalVerificationHomePage" time="0.002" classname="com.testclasses.HomePageTesting">
    <skipped/>
  </testcase> <!-- generalVerificationHomePage -->
</testsuite> <!-- Test -->
